invalid registration form
invalid registration form
invalid registration form
invalid registration form
created a new user successfully with username: baiomy_40
invalid registration form
invalid registration form
invalid registration form
invalid registration form
invalid registration form
invalid registration form
invalid registration form
invalid registration form
invalid registration form
created a new user successfully with username: baiomy_60
couldn't send email message[Errno 111] Connection refused
invalid registration form
invalid registration form
created a new user successfully with username: baiomy_20
invalid registration form
invalid registration form
invalid registration form
invalid registration form
created a new user successfully with username: baiomy_1
couldn't send email message[Errno 111] Connection refused
invalid registration form
invalid registration form
invalid registration form
invalid registration form
couldn't send email message[Errno 111] Connection refused
invalid registration form
invalid login form
invalid login form
invalid registration form
invalid registration form
invalid registration form
invalid registration form
omar logged in successfully
omar logged in successfully
/images/5_ggo8BEx.jpg
created a new user successfully with username: omar
invalid registration form
omar logged in successfully
created a new user successfully with username: ayaa_ali
created a new user successfully with username: asmaaali
invalid registration form
/images/5_3JBP83E.jpg
created a new user successfully with username: omar
invalid registration form
omar logged in successfully
invalid registration form
invalid login form
invalid login form
invalid login form
invalid registration form
invalid registration form
/images/193608034_186954966640400_880438140059903373_n.jpg
created a new user successfully with username: mohamed
couldn't send email message[Errno 111] Connection refused
couldn't send email message'User' object has no attribute 'fname'
couldn't send email message'User' object has no attribute 'fname'
couldn't send email message'User' object has no attribute 'fname'
couldn't send email message'User' object has no attribute 'fname'
couldn't send email message'User' object has no attribute 'fname'
couldn't send email message'User' object has no attribute 'fname'
couldn't send email message'User' object has no attribute 'fname'
couldn't send email message'User' object has no attribute 'fname'
couldn't send email message'User' object has no attribute 'fname'
couldn't send email message'User' object has no attribute 'fname'
couldn't send email message'User' object has no attribute 'fname'
couldn't send email message'User' object has no attribute 'fname'
couldn't send email message'User' object has no attribute 'fname'
couldn't send email message'User' object has no attribute 'fname'
couldn't send email message'User' object has no attribute 'fname'
couldn't send email message'User' object has no attribute 'fname'
couldn't send email message'User' object has no attribute 'fname'
couldn't send email message'User' object has no attribute 'fname'
couldn't send email message'User' object has no attribute 'fname'
couldn't send email message'User' object has no attribute 'fname'
couldn't send email message'User' object has no attribute 'fname'
couldn't send email message'User' object has no attribute 'fname'
couldn't send email message'User' object has no attribute 'fname'
couldn't send email message'User' object has no attribute 'fname'
couldn't send email message'User' object has no attribute 'fname'
couldn't send email message'User' object has no attribute 'fname'
couldn't send email message'User' object has no attribute 'fname'
couldn't send email message'User' object has no attribute 'fname'
couldn't send email message'User' object has no attribute 'fname'
couldn't send email message'User' object has no attribute 'fname'
couldn't send email message'User' object has no attribute 'fname'
couldn't send email message'User' object has no attribute 'fname'
couldn't send email message'User' object has no attribute 'fname'
couldn't send email message'User' object has no attribute 'fname'
couldn't send email message'User' object has no attribute 'fname'
couldn't send email message'User' object has no attribute 'fname'
couldn't send email message'User' object has no attribute 'fname'
couldn't send email message'User' object has no attribute 'fname'
couldn't send email message'User' object has no attribute 'fname'
couldn't send email message'User' object has no attribute 'fname'
couldn't send email message'User' object has no attribute 'fname'
couldn't send email message'User' object has no attribute 'fname'
couldn't send email message'User' object has no attribute 'fname'
couldn't send email message'User' object has no attribute 'fname'
/images/193183679_572145500838972_701357763193693170_n.jpg
created a new user successfully with username: mohamed
mohamed logged in successfully
couldn't send email message'User' object has no attribute 'fname'
couldn't send email message'User' object has no attribute 'fname'
couldn't send email message'User' object has no attribute 'fname'
couldn't send email message'User' object has no attribute 'fname'
invalid registration form
invalid registration form
invalid registration form
invalid registration form
invalid registration form
invalid registration form
/images/green-potted-plant-on-white-ceramic-vase-1166644.jpg
created a new user successfully with username: asmaaelalfy12
/images/green-potted-plant-on-white-ceramic-vase-1166644_GWwHgZM.jpg
created a new user successfully with username: asmaaelalfy12
invalid registration form
invalid registration form
/images/green-potted-plant-on-white-ceramic-vase-1166644_JRRneaJ.jpg
created a new user successfully with username: asmaasadadsasdds12
/images/green-potted-plant-on-white-ceramic-vase-1166644_IkLEd5k.jpg
created a new user successfully with username: asmaasadadsasdds12
/images/green-potted-plant-on-white-ceramic-vase-1166644_iAPo2Fj.jpg
created a new user successfully with username: asmaasadadsasdds12
/images/green-potted-plant-on-white-ceramic-vase-1166644_N47SUAK.jpg
created a new user successfully with username: asmaaelalfy2
/images/green-potted-plant-on-white-ceramic-vase-1166644_mq8dP6e.jpg
created a new user successfully with username: asmaaelalfy2
/images/green-potted-plant-on-white-ceramic-vase-1166644_9nzmAlp.jpg
created a new user successfully with username: asmaaelalfy2
invalid registration form
/images/defaultImage.png
created a new user successfully with username: asmaaelalfy2
/images/IMG_20210122_162311_193.jpg
created a new user successfully with username: baiomy_1
couldn't send email message[Errno 111] Connection refused
baiomy_1 logged in successfully
baiomy_1 logged in successfully
baiomy_1 logged in successfully
baiomy_1 logged in successfully
baiomy_1 logged in successfully
baiomy_1 logged in successfully
baiomy_1 logged in successfully
baiomy_1 logged in successfully
baiomy_1 logged in successfully
baiomy_1 logged in successfully
valid edit form
no picunsupported operand type(s) for +: 'PosixPath' and 'str'
baiomy_1  updated his profile
valid edit form
no picunsupported operand type(s) for +: 'PosixPath' and 'str'
baiomy_1  updated his profile
changed password for baiomy_1
changed password for baiomy_1
invalid login form
baiomy_1 logged in successfully
/images/defaultImage.png
created a new user successfully with username: asmaaelalfy2
invalid registration form
invalid registration form
invalid registration form
invalid login form
invalid login form
asmaaelalfy2 logged in successfully
invalid login form
asmaaelalfy2 logged in successfully
/images/green-potted-plant-on-white-ceramic-vase-1166644_xjHQR6d.jpg
created a new user successfully with username: asmaaelalfy12
/images/green-potted-plant-on-white-ceramic-vase-1166644_medy140.jpg
created a new user successfully with username: asmaaelalfy12
/images/green-potted-plant-on-white-ceramic-vase-1166644_1DVXvq6.jpg
created a new user successfully with username: asmaa
asmaa logged in successfully
admin logged in successfully
admin promoted asmaa.
admin promoted asmaa to a super user.
/images/customer-2.png
created a new user successfully with username: ekhlasmohamed
admin logged in successfully
admin promoted ekhlasmohamed.
/images/product-2.jpg
created a new user successfully with username: asmaaali
admin logged in successfully
admin locked asmaaali.
admin unlocked asmaaali.
admin unlocked asmaaali.
admin locked asmaaali.
admin unlocked asmaaali.
baiomy_1 logged in successfully
baiomy_1 logged in successfully
ahmedelbaiomy logged in successfully
baiomy_1 logged in successfully
admin logged in successfully
/images/customer-2_9cTY7sh.png
created a new user successfully with username: baiomy_2
invalid registration form
baiomy_2 logged in successfully
ahmedelbaiomy logged in successfully
ahmedelbaiomy promoted baiomy_2.
ahmedelbaiomy promoted baiomy_2 to a super user.
ahmedelbaiomy locked baiomy_2.
baiomy_2 blocked user
invalid login form
invalid login form
ahmedelbaiomy logged in successfully
ahmedelbaiomy promoted baiomy_2.
ahmedelbaiomy promoted baiomy_2.
ahmedelbaiomy unlocked baiomy_2.
invalid login form
ahmedelbaiomy logged in successfully
invalid login form
/images/person_1_sVU1PH5.jpg
created a new user successfully with username: yomna_1
couldn't send email message[Errno 111] Connection refused
ahmedelbaiomy logged in successfully
ahmedelbaiomy locked yomna_1.
yomna_1 blocked user
ahmedelbaiomy logged in successfully
ahmedelbaiomy unlocked baiomy_1.
ahmedelbaiomy unlocked yomna_1.
yomna_1 logged in successfully
ahmedelbaiomy logged in successfully
ahmedelbaiomy promoted yomna_1.
ahmedelbaiomy promoted yomna_1 to a super user.
ahmedelbaiomy promoted yomna_1.
/images/green-potted-plant-on-white-ceramic-vase-1166644_JMnWuAw.jpg
created a new user successfully with username: test
invalid registration form
test logged in successfully
ahmedelbaiomy logged in successfully
ahmedelbaiomy promoted test.
baiomy_1 logged in successfully
admin logged in successfully
/images/customer-2_QK20dch.png
created a new user successfully with username: ekhlasmohamed
admin logged in successfully
admin logged in successfully
admin locked ekhlasmohamed.
admin promoted ekhlasmohamed.
admin promoted ekhlasmohamed to a super user.
ekhlasmohamed blocked user
/images/customer-2_PMfVkbX.png
created a new user successfully with username: ayaa_ali
ayaa_ali logged in successfully
admin logged in successfully
admin unlocked ekhlasmohamed.
admin logged in successfully
valid edit form
no picunsupported operand type(s) for +: 'PosixPath' and 'str'
admin  updated his profile
couldn't send email message'User' object has no attribute 'fname'
admin logged in successfully
valid edit form
no picunsupported operand type(s) for +: 'PosixPath' and 'str'
valid edit form
no picunsupported operand type(s) for +: 'PosixPath' and 'str'
admin  updated his profile
